app/build/intermediates/manifest_merge_blame_file/debug/manifest-merger-blame-debug-report.txt
1<?xml version="1.0" encoding="utf-8"?>
2<manifest xmlns:android="http://schemas.android.com/apk/res/android"
3    package="com.sib4u.einbox"
4    android:versionCode="1"
5    android:versionName="1.0" >
6
7    <uses-sdk
8        android:minSdkVersion="21"
8-->src/main/AndroidManifest.xml
9        android:targetSdkVersion="30" />
9-->src/main/AndroidManifest.xml
10
11    <uses-permission android:name="android.permission.INTERNET" />
11-->src/main/AndroidManifest.xml:5:5-66
11-->src/main/AndroidManifest.xml:5:22-64
12
13    <!-- Although the *SdkVersion is captured in gradle build files, this is required for non gradle builds -->
14    <!-- <uses-sdk android:minSdkVersion="14" /> -->
15    <uses-permission android:name="android.permission.ACCESS_NETWORK_STATE" />
15-->[com.google.firebase:firebase-firestore:21.6.0] AndroidManifest.xml:13:5-79
15-->[com.google.firebase:firebase-firestore:21.6.0] AndroidManifest.xml:13:22-76
16    <uses-permission android:name="android.permission.WAKE_LOCK" />
16-->[com.google.android.gms:play-services-measurement-api:17.5.0] AndroidManifest.xml:24:5-68
16-->[com.google.android.gms:play-services-measurement-api:17.5.0] AndroidManifest.xml:24:22-65
17    <uses-permission android:name="com.google.android.finsky.permission.BIND_GET_INSTALL_REFERRER_SERVICE" />
17-->[com.google.android.gms:play-services-measurement:17.5.0] AndroidManifest.xml:26:5-110
17-->[com.google.android.gms:play-services-measurement:17.5.0] AndroidManifest.xml:26:22-107
18
19    <application
19-->src/main/AndroidManifest.xml:6:5-23:19
20        android:allowBackup="true"
20-->src/main/AndroidManifest.xml:7:9-35
21        android:appComponentFactory="androidx.core.app.CoreComponentFactory"
21-->[androidx.core:core:1.3.1] AndroidManifest.xml:24:18-86
22        android:debuggable="true"
23        android:icon="@mipmap/ic_launcher"
23-->src/main/AndroidManifest.xml:8:9-43
24        android:label="@string/app_name"
24-->src/main/AndroidManifest.xml:9:9-41
25        android:roundIcon="@mipmap/ic_launcher_round"
25-->src/main/AndroidManifest.xml:10:9-54
26        android:supportsRtl="true"
26-->src/main/AndroidManifest.xml:11:9-35
27        android:testOnly="true"
28        android:theme="@style/AppTheme" >
28-->src/main/AndroidManifest.xml:12:9-40
29        <activity android:name="com.sib4u.einbox.MainActivity2" />
29-->src/main/AndroidManifest.xml:13:9-60
29-->src/main/AndroidManifest.xml:13:19-48
30        <activity android:name="com.sib4u.einbox.SignUpActivity" />
30-->src/main/AndroidManifest.xml:14:9-52
30-->src/main/AndroidManifest.xml:14:19-49
31        <activity android:name="com.sib4u.einbox.LoginActivity" />
31-->src/main/AndroidManifest.xml:15:9-51
31-->src/main/AndroidManifest.xml:15:19-48
32        <activity android:name="com.sib4u.einbox.MainActivity" >
32-->src/main/AndroidManifest.xml:16:9-22:20
32-->src/main/AndroidManifest.xml:16:19-47
33            <intent-filter>
33-->src/main/AndroidManifest.xml:17:13-21:29
34                <action android:name="android.intent.action.MAIN" />
34-->src/main/AndroidManifest.xml:18:17-69
34-->src/main/AndroidManifest.xml:18:25-66
35
36                <category android:name="android.intent.category.LAUNCHER" />
36-->src/main/AndroidManifest.xml:20:17-77
36-->src/main/AndroidManifest.xml:20:27-74
37            </intent-filter>
38        </activity>
39        <activity
39-->[com.google.firebase:firebase-auth:19.3.2] AndroidManifest.xml:24:9-31:50
40            android:name="com.google.firebase.auth.internal.FederatedSignInActivity"
40-->[com.google.firebase:firebase-auth:19.3.2] AndroidManifest.xml:25:13-85
41            android:excludeFromRecents="true"
41-->[com.google.firebase:firebase-auth:19.3.2] AndroidManifest.xml:26:13-46
42            android:exported="true"
42-->[com.google.firebase:firebase-auth:19.3.2] AndroidManifest.xml:27:13-36
43            android:launchMode="singleTask"
43-->[com.google.firebase:firebase-auth:19.3.2] AndroidManifest.xml:28:13-44
44            android:permission="com.google.firebase.auth.api.gms.permission.LAUNCH_FEDERATED_SIGN_IN"
44-->[com.google.firebase:firebase-auth:19.3.2] AndroidManifest.xml:29:13-102
45            android:theme="@android:style/Theme.Translucent.NoTitleBar" />
45-->[com.google.firebase:firebase-auth:19.3.2] AndroidManifest.xml:30:13-72
46
47        <service
47-->[com.google.firebase:firebase-auth:19.3.2] AndroidManifest.xml:33:9-39:19
48            android:name="com.google.firebase.components.ComponentDiscoveryService"
48-->[com.google.firebase:firebase-auth:19.3.2] AndroidManifest.xml:34:13-84
49            android:directBootAware="true"
49-->[com.google.firebase:firebase-common:19.3.1] AndroidManifest.xml:35:13-43
50            android:exported="false" >
50-->[com.google.firebase:firebase-auth:19.3.2] AndroidManifest.xml:35:13-37
51            <meta-data
51-->[com.google.firebase:firebase-auth:19.3.2] AndroidManifest.xml:36:13-38:85
52                android:name="com.google.firebase.components:com.google.firebase.auth.FirebaseAuthRegistrar"
52-->[com.google.firebase:firebase-auth:19.3.2] AndroidManifest.xml:37:17-109
53                android:value="com.google.firebase.components.ComponentRegistrar" />
53-->[com.google.firebase:firebase-auth:19.3.2] AndroidManifest.xml:38:17-82
54            <meta-data
54-->[com.google.firebase:firebase-firestore:21.6.0] AndroidManifest.xml:20:13-22:85
55                android:name="com.google.firebase.components:com.google.firebase.firestore.FirestoreRegistrar"
55-->[com.google.firebase:firebase-firestore:21.6.0] AndroidManifest.xml:21:17-111
56                android:value="com.google.firebase.components.ComponentRegistrar" />
56-->[com.google.firebase:firebase-firestore:21.6.0] AndroidManifest.xml:22:17-82
57            <meta-data
57-->[com.google.firebase:firebase-storage:19.2.0] AndroidManifest.xml:33:13-35:85
58                android:name="com.google.firebase.components:com.google.firebase.storage.StorageRegistrar"
58-->[com.google.firebase:firebase-storage:19.2.0] AndroidManifest.xml:34:17-107
59                android:value="com.google.firebase.components.ComponentRegistrar" />
59-->[com.google.firebase:firebase-storage:19.2.0] AndroidManifest.xml:35:17-82
60            <meta-data
60-->[com.google.android.gms:play-services-measurement-api:17.5.0] AndroidManifest.xml:30:13-32:85
61                android:name="com.google.firebase.components:com.google.firebase.analytics.connector.internal.AnalyticsConnectorRegistrar"
61-->[com.google.android.gms:play-services-measurement-api:17.5.0] AndroidManifest.xml:31:17-139
62                android:value="com.google.firebase.components.ComponentRegistrar" />
62-->[com.google.android.gms:play-services-measurement-api:17.5.0] AndroidManifest.xml:32:17-82
63            <meta-data
63-->[com.google.firebase:firebase-installations:16.3.2] AndroidManifest.xml:17:13-19:85
64                android:name="com.google.firebase.components:com.google.firebase.installations.FirebaseInstallationsRegistrar"
64-->[com.google.firebase:firebase-installations:16.3.2] AndroidManifest.xml:18:17-127
65                android:value="com.google.firebase.components.ComponentRegistrar" />
65-->[com.google.firebase:firebase-installations:16.3.2] AndroidManifest.xml:19:17-82
66        </service>
67
68        <activity
68-->[com.google.android.gms:play-services-base:17.1.0] AndroidManifest.xml:23:9-26:75
69            android:name="com.google.android.gms.common.api.GoogleApiActivity"
69-->[com.google.android.gms:play-services-base:17.1.0] AndroidManifest.xml:24:13-79
70            android:exported="false"
70-->[com.google.android.gms:play-services-base:17.1.0] AndroidManifest.xml:25:13-37
71            android:theme="@android:style/Theme.Translucent.NoTitleBar" />
71-->[com.google.android.gms:play-services-base:17.1.0] AndroidManifest.xml:26:13-72
72
73        <provider
73-->[com.google.firebase:firebase-common:19.3.1] AndroidManifest.xml:26:9-31:39
74            android:name="com.google.firebase.provider.FirebaseInitProvider"
74-->[com.google.firebase:firebase-common:19.3.1] AndroidManifest.xml:27:13-77
75            android:authorities="com.sib4u.einbox.firebaseinitprovider"
75-->[com.google.firebase:firebase-common:19.3.1] AndroidManifest.xml:28:13-72
76            android:directBootAware="true"
76-->[com.google.firebase:firebase-common:19.3.1] AndroidManifest.xml:29:13-43
77            android:exported="false"
77-->[com.google.firebase:firebase-common:19.3.1] AndroidManifest.xml:30:13-37
78            android:initOrder="100" />
78-->[com.google.firebase:firebase-common:19.3.1] AndroidManifest.xml:31:13-36
79
80        <receiver
80-->[com.google.android.gms:play-services-measurement:17.5.0] AndroidManifest.xml:29:9-33:20
81            android:name="com.google.android.gms.measurement.AppMeasurementReceiver"
81-->[com.google.android.gms:play-services-measurement:17.5.0] AndroidManifest.xml:30:13-85
82            android:enabled="true"
82-->[com.google.android.gms:play-services-measurement:17.5.0] AndroidManifest.xml:31:13-35
83            android:exported="false" >
83-->[com.google.android.gms:play-services-measurement:17.5.0] AndroidManifest.xml:32:13-37
84        </receiver>
85
86        <service
86-->[com.google.android.gms:play-services-measurement:17.5.0] AndroidManifest.xml:35:9-38:40
87            android:name="com.google.android.gms.measurement.AppMeasurementService"
87-->[com.google.android.gms:play-services-measurement:17.5.0] AndroidManifest.xml:36:13-84
88            android:enabled="true"
88-->[com.google.android.gms:play-services-measurement:17.5.0] AndroidManifest.xml:37:13-35
89            android:exported="false" />
89-->[com.google.android.gms:play-services-measurement:17.5.0] AndroidManifest.xml:38:13-37
90        <service
90-->[com.google.android.gms:play-services-measurement:17.5.0] AndroidManifest.xml:39:9-43:72
91            android:name="com.google.android.gms.measurement.AppMeasurementJobService"
91-->[com.google.android.gms:play-services-measurement:17.5.0] AndroidManifest.xml:40:13-87
92            android:enabled="true"
92-->[com.google.android.gms:play-services-measurement:17.5.0] AndroidManifest.xml:41:13-35
93            android:exported="false"
93-->[com.google.android.gms:play-services-measurement:17.5.0] AndroidManifest.xml:42:13-37
94            android:permission="android.permission.BIND_JOB_SERVICE" />
94-->[com.google.android.gms:play-services-measurement:17.5.0] AndroidManifest.xml:43:13-69
95
96        <meta-data
96-->[com.google.android.gms:play-services-basement:17.0.0] AndroidManifest.xml:23:9-25:69
97            android:name="com.google.android.gms.version"
97-->[com.google.android.gms:play-services-basement:17.0.0] AndroidManifest.xml:24:13-58
98            android:value="@integer/google_play_services_version" />
98-->[com.google.android.gms:play-services-basement:17.0.0] AndroidManifest.xml:25:13-66
99    </application>
100
101</manifest>